[0.275s] DEBUG:colcon:Command line arguments: ['/usr/bin/colcon', 'build']
[0.275s] DEBUG:colcon:Parsed command line arguments: Namespace(allow_overriding=[], ament_cmake_args=None, base_paths=['.'], build_base='build', catkin_cmake_args=None, catkin_skip_building_tests=False, cmake_args=None, cmake_clean_cache=False, cmake_clean_first=False, cmake_force_configure=False, cmake_target=None, cmake_target_skip_unavailable=False, continue_on_error=False, event_handlers=None, executor='parallel', ignore_user_meta=False, install_base='install', log_base=None, log_level=None, main=<bound method BuildVerb.main of <colcon_core.verb.build.BuildVerb object at 0x7f5451d54a00>>, merge_install=False, metas=['./colcon.meta'], packages_above=None, packages_above_and_dependencies=None, packages_above_depth=None, packages_end=None, packages_ignore=None, packages_ignore_regex=None, packages_select=None, packages_select_build_failed=False, packages_select_by_dep=None, packages_select_regex=None, packages_select_test_failures=False, packages_skip=None, packages_skip_build_finished=False, packages_skip_by_dep=None, packages_skip_regex=None, packages_skip_test_passed=False, packages_skip_up_to=None, packages_start=None, packages_up_to=None, packages_up_to_regex=None, parallel_workers=8, paths=None, symlink_install=False, test_result_base=None, verb_extension=<colcon_core.verb.build.BuildVerb object at 0x7f5451d54a00>, verb_name='build', verb_parser=<colcon_defaults.argument_parser.defaults.DefaultArgumentsDecorator object at 0x7f5451d54f70>)
[0.296s] Level 1:colcon.colcon_core.package_discovery:discover_packages(colcon_meta) check parameters
[0.296s] Level 1:colcon.colcon_core.package_discovery:discover_packages(recursive) check parameters
[0.296s] Level 1:colcon.colcon_core.package_discovery:discover_packages(ignore) check parameters
[0.296s] Level 1:colcon.colcon_core.package_discovery:discover_packages(path) check parameters
[0.296s] Level 1:colcon.colcon_core.package_discovery:discover_packages(colcon_meta) discover
[0.296s] Level 1:colcon.colcon_core.package_discovery:discover_packages(recursive) discover
[0.296s] INFO:colcon.colcon_core.package_discovery:Crawling recursively for packages in '/home/musab/ros2_ws/src/cross-process_data_flow_scheduler/lib/lemon/include/lemon'
[0.296s] Level 1:colcon.colcon_core.package_identification:_identify(.) by extensions ['ignore', 'ignore_ament_install']
[0.296s] Level 1:colcon.colcon_core.package_identification:_identify(.) by extension 'ignore'
[0.296s] Level 1:colcon.colcon_core.package_identification:_identify(.) by extension 'ignore_ament_install'
[0.296s] Level 1:colcon.colcon_core.package_identification:_identify(.) by extensions ['colcon_pkg']
[0.296s] Level 1:colcon.colcon_core.package_identification:_identify(.) by extension 'colcon_pkg'
[0.296s] Level 1:colcon.colcon_core.package_identification:_identify(.) by extensions ['colcon_meta']
[0.296s] Level 1:colcon.colcon_core.package_identification:_identify(.) by extension 'colcon_meta'
[0.297s] Level 1:colcon.colcon_core.package_identification:_identify(.) by extensions ['ros']
[0.297s] Level 1:colcon.colcon_core.package_identification:_identify(.) by extension 'ros'
[0.311s] Level 1:colcon.colcon_core.package_identification:_identify(.) by extensions ['cmake', 'python']
[0.311s] Level 1:colcon.colcon_core.package_identification:_identify(.) by extension 'cmake'
[0.311s] Level 1:colcon.colcon_core.package_identification:_identify(.) by extension 'python'
[0.311s] Level 1:colcon.colcon_core.package_identification:_identify(.) by extensions ['python_setup_py']
[0.311s] Level 1:colcon.colcon_core.package_identification:_identify(.) by extension 'python_setup_py'
[0.311s] Level 1:colcon.colcon_core.package_identification:_identify(bits) by extensions ['ignore', 'ignore_ament_install']
[0.311s] Level 1:colcon.colcon_core.package_identification:_identify(bits) by extension 'ignore'
[0.311s] Level 1:colcon.colcon_core.package_identification:_identify(bits) by extension 'ignore_ament_install'
[0.311s] Level 1:colcon.colcon_core.package_identification:_identify(bits) by extensions ['colcon_pkg']
[0.311s] Level 1:colcon.colcon_core.package_identification:_identify(bits) by extension 'colcon_pkg'
[0.311s] Level 1:colcon.colcon_core.package_identification:_identify(bits) by extensions ['colcon_meta']
[0.311s] Level 1:colcon.colcon_core.package_identification:_identify(bits) by extension 'colcon_meta'
[0.311s] Level 1:colcon.colcon_core.package_identification:_identify(bits) by extensions ['ros']
[0.311s] Level 1:colcon.colcon_core.package_identification:_identify(bits) by extension 'ros'
[0.311s] Level 1:colcon.colcon_core.package_identification:_identify(bits) by extensions ['cmake', 'python']
[0.311s] Level 1:colcon.colcon_core.package_identification:_identify(bits) by extension 'cmake'
[0.311s] Level 1:colcon.colcon_core.package_identification:_identify(bits) by extension 'python'
[0.311s] Level 1:colcon.colcon_core.package_identification:_identify(bits) by extensions ['python_setup_py']
[0.311s] Level 1:colcon.colcon_core.package_identification:_identify(bits) by extension 'python_setup_py'
[0.311s] Level 1:colcon.colcon_core.package_identification:_identify(build) by extensions ['ignore', 'ignore_ament_install']
[0.311s] Level 1:colcon.colcon_core.package_identification:_identify(build) by extension 'ignore'
[0.312s] Level 1:colcon.colcon_core.package_identification:_identify(build) ignored
[0.312s] Level 1:colcon.colcon_core.package_identification:_identify(concepts) by extensions ['ignore', 'ignore_ament_install']
[0.312s] Level 1:colcon.colcon_core.package_identification:_identify(concepts) by extension 'ignore'
[0.312s] Level 1:colcon.colcon_core.package_identification:_identify(concepts) by extension 'ignore_ament_install'
[0.312s] Level 1:colcon.colcon_core.package_identification:_identify(concepts) by extensions ['colcon_pkg']
[0.312s] Level 1:colcon.colcon_core.package_identification:_identify(concepts) by extension 'colcon_pkg'
[0.312s] Level 1:colcon.colcon_core.package_identification:_identify(concepts) by extensions ['colcon_meta']
[0.312s] Level 1:colcon.colcon_core.package_identification:_identify(concepts) by extension 'colcon_meta'
[0.312s] Level 1:colcon.colcon_core.package_identification:_identify(concepts) by extensions ['ros']
[0.312s] Level 1:colcon.colcon_core.package_identification:_identify(concepts) by extension 'ros'
[0.312s] Level 1:colcon.colcon_core.package_identification:_identify(concepts) by extensions ['cmake', 'python']
[0.312s] Level 1:colcon.colcon_core.package_identification:_identify(concepts) by extension 'cmake'
[0.312s] Level 1:colcon.colcon_core.package_identification:_identify(concepts) by extension 'python'
[0.312s] Level 1:colcon.colcon_core.package_identification:_identify(concepts) by extensions ['python_setup_py']
[0.312s] Level 1:colcon.colcon_core.package_identification:_identify(concepts) by extension 'python_setup_py'
[0.312s] Level 1:colcon.colcon_core.package_identification:_identify(install) by extensions ['ignore', 'ignore_ament_install']
[0.312s] Level 1:colcon.colcon_core.package_identification:_identify(install) by extension 'ignore'
[0.312s] Level 1:colcon.colcon_core.package_identification:_identify(install) ignored
[0.312s] Level 1:colcon.colcon_core.package_identification:_identify(log) by extensions ['ignore', 'ignore_ament_install']
[0.312s] Level 1:colcon.colcon_core.package_identification:_identify(log) by extension 'ignore'
[0.312s] Level 1:colcon.colcon_core.package_identification:_identify(log) ignored
[0.312s] Level 1:colcon.colcon_core.package_discovery:discover_packages(recursive) using defaults
[0.312s] Level 1:colcon.colcon_core.package_discovery:discover_packages(ignore) discover
[0.312s] Level 1:colcon.colcon_core.package_discovery:discover_packages(ignore) using defaults
[0.312s] Level 1:colcon.colcon_core.package_discovery:discover_packages(path) discover
[0.312s] Level 1:colcon.colcon_core.package_discovery:discover_packages(path) using defaults
[0.326s] Level 1:colcon.colcon_core.package_discovery:discover_packages(prefix_path) check parameters
[0.326s] Level 1:colcon.colcon_core.package_discovery:discover_packages(prefix_path) discover
[0.328s] DEBUG:colcon.colcon_installed_package_information.package_discovery:Found 1 installed packages in /home/musab/ros2_ws/install
[0.330s] DEBUG:colcon.colcon_installed_package_information.package_discovery:Found 256 installed packages in /opt/ros/foxy
[0.333s] Level 1:colcon.colcon_core.package_discovery:discover_packages(prefix_path) using defaults
[0.410s] INFO:colcon.colcon_core.executor:Executing jobs using 'parallel' executor
[0.414s] DEBUG:colcon.colcon_parallel_executor.executor.parallel:run_until_complete
[0.414s] DEBUG:colcon.colcon_parallel_executor.executor.parallel:closing loop
[0.414s] DEBUG:colcon.colcon_parallel_executor.executor.parallel:loop closed
[0.414s] DEBUG:colcon.colcon_parallel_executor.executor.parallel:run_until_complete finished with '0'
[0.414s] DEBUG:colcon.colcon_core.event_reactor:joining thread
[0.459s] INFO:colcon.colcon_core.plugin_system:Skipping extension 'colcon_notification.desktop_notification.notify_send': Could not find 'notify-send'
[0.459s] INFO:colcon.colcon_core.plugin_system:Skipping extension 'colcon_notification.desktop_notification.terminal_notifier': Not used on non-Darwin systems
[0.460s] INFO:colcon.colcon_core.plugin_system:Skipping extension 'colcon_notification.desktop_notification.win32': Not used on non-Windows systems
[0.460s] INFO:colcon.colcon_notification.desktop_notification:Sending desktop notification using 'notify2'
[0.465s] DEBUG:colcon.colcon_notification.desktop_notification.notify2:Failed to initialize notify2: org.freedesktop.DBus.Error.ServiceUnknown: The name org.freedesktop.Notifications was not provided by any .service files
[0.466s] DEBUG:colcon.colcon_core.event_reactor:joined thread
[0.470s] INFO:colcon.colcon_core.plugin_system:Skipping extension 'colcon_core.shell.bat': Not used on non-Windows systems
[0.470s] INFO:colcon.colcon_core.shell:Creating prefix script '/home/musab/ros2_ws/src/cross-process_data_flow_scheduler/lib/lemon/include/lemon/install/local_setup.ps1'
[0.470s] INFO:colcon.colcon_core.shell:Creating prefix util module '/home/musab/ros2_ws/src/cross-process_data_flow_scheduler/lib/lemon/include/lemon/install/_local_setup_util_ps1.py'
[0.471s] INFO:colcon.colcon_core.shell:Creating prefix chain script '/home/musab/ros2_ws/src/cross-process_data_flow_scheduler/lib/lemon/include/lemon/install/setup.ps1'
[0.472s] INFO:colcon.colcon_core.shell:Creating prefix script '/home/musab/ros2_ws/src/cross-process_data_flow_scheduler/lib/lemon/include/lemon/install/local_setup.sh'
[0.472s] INFO:colcon.colcon_core.shell:Creating prefix util module '/home/musab/ros2_ws/src/cross-process_data_flow_scheduler/lib/lemon/include/lemon/install/_local_setup_util_sh.py'
[0.473s] INFO:colcon.colcon_core.shell:Creating prefix chain script '/home/musab/ros2_ws/src/cross-process_data_flow_scheduler/lib/lemon/include/lemon/install/setup.sh'
[0.473s] INFO:colcon.colcon_core.shell:Creating prefix script '/home/musab/ros2_ws/src/cross-process_data_flow_scheduler/lib/lemon/include/lemon/install/local_setup.bash'
[0.474s] INFO:colcon.colcon_core.shell:Creating prefix chain script '/home/musab/ros2_ws/src/cross-process_data_flow_scheduler/lib/lemon/include/lemon/install/setup.bash'
[0.474s] INFO:colcon.colcon_core.shell:Creating prefix script '/home/musab/ros2_ws/src/cross-process_data_flow_scheduler/lib/lemon/include/lemon/install/local_setup.zsh'
[0.475s] INFO:colcon.colcon_core.shell:Creating prefix chain script '/home/musab/ros2_ws/src/cross-process_data_flow_scheduler/lib/lemon/include/lemon/install/setup.zsh'
